<?xml version="1.0" encoding="UTF-8"?>
<!-- Generated by org.testng.reporters.JUnitReportReporter -->
<testsuite hostname="CHITRA-PC" failures="0" tests="1" name="integrationTestCase.Chess_Test" time="10.004" errors="0" timestamp="2024-03-30T18:44:31 IST" skipped="0">
  <testcase classname="integrationTestCase.Chess_Test" name="browserOpen" time="10.004"/>
  <system-out/>
</testsuite> <!-- integrationTestCase.Chess_Test -->
