<?xml version="1.0" encoding="UTF-8"?>
<!-- Generated by org.testng.reporters.JUnitReportReporter -->
<testsuite hostname="CHITRA-PC" failures="0" tests="1" name="smokeTetCase.Ajio" time="12.987" errors="0" timestamp="2024-03-30T18:29:24 IST" skipped="0">
  <testcase classname="smokeTetCase.Ajio" name="browserOpen" time="12.987"/>
  <system-out/>
</testsuite> <!-- smokeTetCase.Ajio -->
